<?xml version="1.0" encoding="UTF-8"?>
<!-- Generated by org.testng.reporters.JUnitReportReporter -->
<testsuite hostname="ViswaPraveena" failures="0" tests="1" name="Demo.TestNGQAFOX.Demo" time="6.543" errors="0" timestamp="2022-12-07T19:29:12 IST" skipped="0">
  <testcase classname="Demo.TestNGQAFOX.Demo" name="sampleAutomation" time="6.543"/>
  <system-out/>
</testsuite> <!-- Demo.TestNGQAFOX.Demo -->
