<?xml version="1.0" encoding="UTF-8"?>
<!-- Generated by org.testng.reporters.JUnitReportReporter -->
<testsuite hostname="ViswaPraveena" failures="0" tests="3" name="Demo.TestNGQAFOX.DataProvider1" time="0.027" errors="0" timestamp="2022-12-08T12:10:43 IST" skipped="0">
  <testcase classname="Demo.TestNGQAFOX.DataProvider1" name="LoginTest" time="0.009"/>
  <system-out/>
  <testcase classname="Demo.TestNGQAFOX.DataProvider1" name="LoginTest" time="0.008"/>
  <system-out/>
  <testcase classname="Demo.TestNGQAFOX.DataProvider1" name="LoginTest" time="0.010"/>
  <system-out/>
</testsuite> <!-- Demo.TestNGQAFOX.DataProvider1 -->
