<?xml version="1.0" encoding="UTF-8"?>
<!-- Generated by org.testng.reporters.JUnitReportReporter -->
<testsuite hostname="ViswaPraveena" failures="0" tests="1" name="Demo.TestNGQAFOX.TestOne" time="12.144" errors="0" timestamp="2022-12-08T08:36:58 IST" skipped="0">
  <testcase classname="Demo.TestNGQAFOX.TestOne" name="Classone" time="12.144"/>
  <system-out/>
</testsuite> <!-- Demo.TestNGQAFOX.TestOne -->
